Determining if the pthread_create exist failed with the following output:
Change Dir: /home/washio/slam/src/build_isolated/cartographer_turtlebot/CMakeFiles/CMakeTmp

Run Build Command:"/usr/bin/ninja" "cmTC_5d9b7"
[1/2] Building C object CMakeFiles/cmTC_5d9b7.dir/CheckSymbolExists.c.o
[2/2] Linking C executable cmTC_5d9b7
FAILED: cmTC_5d9b7 
: && /usr/bin/cc   -rdynamic CMakeFiles/cmTC_5d9b7.dir/CheckSymbolExists.c.o  -o cmTC_5d9b7   && :
CMakeFiles/cmTC_5d9b7.dir/CheckSymbolExists.c.o: In function `main':
CheckSymbolExists.c:(.text+0x1b): undefined reference to `pthread_create'
collect2: error: ld returned 1 exit status
ninja: build stopped: subcommand failed.

File /home/washio/slam/src/build_isolated/cartographer_turtlebot/CMakeFiles/CMakeTmp/CheckSymbolExists.c:
/* */
#include <pthread.h>

int main(int argc, char** argv)
{
  (void)argv;
#ifndef pthread_create
  return ((int*)(&pthread_create))[argc];
#else
  (void)argc;
  return 0;
#endif
}

Determining if the function pthread_create exists in the pthreads failed with the following output:
Change Dir: /home/washio/slam/src/build_isolated/cartographer_turtlebot/CMakeFiles/CMakeTmp

Run Build Command:"/usr/bin/ninja" "cmTC_763a8"
[1/2] Building C object CMakeFiles/cmTC_763a8.dir/CheckFunctionExists.c.o
[2/2] Linking C executable cmTC_763a8
FAILED: cmTC_763a8 
: && /usr/bin/cc -DCHECK_FUNCTION_EXISTS=pthread_create  -rdynamic CMakeFiles/cmTC_763a8.dir/CheckFunctionExists.c.o  -o cmTC_763a8  -lpthreads && :
/usr/bin/ld: cannot find -lpthreads
collect2: error: ld returned 1 exit status
ninja: build stopped: subcommand failed.


