Determining if the pthread_create exist failed with the following output:
Change Dir: /home/washio/slam/src/build_isolated/cartographer/install/CMakeFiles/CMakeTmp

Run Build Command:"/usr/bin/ninja" "cmTC_f1d57"
[1/2] Building C object CMakeFiles/cmTC_f1d57.dir/CheckSymbolExists.c.o
[2/2] Linking C executable cmTC_f1d57
FAILED: cmTC_f1d57 
: && /usr/bin/cc   -rdynamic CMakeFiles/cmTC_f1d57.dir/CheckSymbolExists.c.o  -o cmTC_f1d57   && :
CMakeFiles/cmTC_f1d57.dir/CheckSymbolExists.c.o: In function `main':
CheckSymbolExists.c:(.text+0x1b): undefined reference to `pthread_create'
collect2: error: ld returned 1 exit status
ninja: build stopped: subcommand failed.

File /home/washio/slam/src/build_isolated/cartographer/install/CMakeFiles/CMakeTmp/CheckSymbolExists.c:
/* */
#include <pthread.h>

int main(int argc, char** argv)
{
  (void)argv;
#ifndef pthread_create
  return ((int*)(&pthread_create))[argc];
#else
  (void)argc;
  return 0;
#endif
}

Determining if the function pthread_create exists in the pthreads failed with the following output:
Change Dir: /home/washio/slam/src/build_isolated/cartographer/install/CMakeFiles/CMakeTmp

Run Build Command:"/usr/bin/ninja" "cmTC_0d1f3"
[1/2] Building C object CMakeFiles/cmTC_0d1f3.dir/CheckFunctionExists.c.o
[2/2] Linking C executable cmTC_0d1f3
FAILED: cmTC_0d1f3 
: && /usr/bin/cc -DCHECK_FUNCTION_EXISTS=pthread_create  -rdynamic CMakeFiles/cmTC_0d1f3.dir/CheckFunctionExists.c.o  -o cmTC_0d1f3  -lpthreads && :
/usr/bin/ld: cannot find -lpthreads
collect2: error: ld returned 1 exit status
ninja: build stopped: subcommand failed.


