Determining if the pthread_create exist failed with the following output:
Change Dir: /home/jetson/catkin_cg/build_isolated/cartographer_rviz/CMakeFiles/CMakeTmp

Run Build Command:"/usr/bin/ninja" "cmTC_eb168"
[1/2] Building C object CMakeFiles/cmTC_eb168.dir/CheckSymbolExists.c.o
[2/2] Linking C executable cmTC_eb168
FAILED: cmTC_eb168 
: && /usr/bin/cc   -rdynamic CMakeFiles/cmTC_eb168.dir/CheckSymbolExists.c.o  -o cmTC_eb168   && :
CMakeFiles/cmTC_eb168.dir/CheckSymbolExists.c.o: In function `main':
CheckSymbolExists.c:(.text+0x14): undefined reference to `pthread_create'
CheckSymbolExists.c:(.text+0x18): undefined reference to `pthread_create'
collect2: error: ld returned 1 exit status
ninja: build stopped: subcommand failed.

File /home/jetson/catkin_cg/build_isolated/cartographer_rviz/CMakeFiles/CMakeTmp/CheckSymbolExists.c:
/* */
#include <pthread.h>

int main(int argc, char** argv)
{
  (void)argv;
#ifndef pthread_create
  return ((int*)(&pthread_create))[argc];
#else
  (void)argc;
  return 0;
#endif
}

Determining if the function pthread_create exists in the pthreads failed with the following output:
Change Dir: /home/jetson/catkin_cg/build_isolated/cartographer_rviz/CMakeFiles/CMakeTmp

Run Build Command:"/usr/bin/ninja" "cmTC_82465"
[1/2] Building C object CMakeFiles/cmTC_82465.dir/CheckFunctionExists.c.o
[2/2] Linking C executable cmTC_82465
FAILED: cmTC_82465 
: && /usr/bin/cc -DCHECK_FUNCTION_EXISTS=pthread_create  -rdynamic CMakeFiles/cmTC_82465.dir/CheckFunctionExists.c.o  -o cmTC_82465  -lpthreads && :
/usr/bin/ld: cannot find -lpthreads
collect2: error: ld returned 1 exit status
ninja: build stopped: subcommand failed.


